[0.000][INFO]:      ChromeDriver 23.0.1240.0 /usr/bin/chromedriver
[0.265][FINE]:      Initializing session with capabilities {
   "browserName": "chrome",
   "chrome.detach": true,
   "chromeOptions": {
      "detach": true
   },
   "cssSelectorsEnabled": true,
   "javascriptEnabled": true,
   "nativeEvents": false,
   "platform": "ANY",
   "rotatable": false,
   "takesScreenshot": false,
   "version": ""
}

[0.266][INFO]:      Using named testing interface
[0.715][INFO]:      Connected to Chrome successfully. Version: 20.0.1132.47
[0.752][FINE]:      Command received (/session/18a6d87bdbb14d823ff4cd2b788e6f78)
[0.753][FINE]:      Command finished (/session/18a6d87bdbb14d823ff4cd2b788e6f78) with response {
   "sessionId": "18a6d87bdbb14d823ff4cd2b788e6f78",
   "status": 0,
   "value": {
      "acceptSslCerts": false,
      "applicationCacheEnabled": false,
      "browserConnectionEnabled": false,
      "browserName": "chrome",
      "chrome.chromedriverVersion": "23.0.1240.0",
      "chrome.nativeEvents": false,
      "cssSelectorsEnabled": true,
      "databaseEnabled": false,
      "handlesAlerts": true,
      "javascriptEnabled": true,
      "locationContextEnabled": false,
      "nativeEvents": true,
      "platform": "linux",
      "rotatable": false,
      "takesScreenshot": true,
      "version": "20.0.1132.47",
      "webStorageEnabled": true
   }
}

[0.756][FINE]:      Command received (/session/18a6d87bdbb14d823ff4cd2b788e6f78/execute) with params {
   "args": [  ],
   "script": "return screen.width;"
}

[0.756][FINER]:     Waiting for all views to stop loading...
[0.757][FINER]:     Done waiting for all views to stop loading
[0.769][FINER]:     Waiting for all views to stop loading...
[0.769][FINER]:     Done waiting for all views to stop loading
[0.769][FINE]:      Command finished (/session/18a6d87bdbb14d823ff4cd2b788e6f78/execute) with response {
   "sessionId": "18a6d87bdbb14d823ff4cd2b788e6f78",
   "status": 0,
   "value": 1280
}

[0.770][FINE]:      Command received (/session/18a6d87bdbb14d823ff4cd2b788e6f78/execute) with params {
   "args": [  ],
   "script": "return screen.height;"
}

[0.770][FINER]:     Waiting for all views to stop loading...
[0.770][FINER]:     Done waiting for all views to stop loading
[0.774][FINER]:     Waiting for all views to stop loading...
[0.774][FINER]:     Done waiting for all views to stop loading
[0.774][FINE]:      Command finished (/session/18a6d87bdbb14d823ff4cd2b788e6f78/execute) with response {
   "sessionId": "18a6d87bdbb14d823ff4cd2b788e6f78",
   "status": 0,
   "value": 1024
}

[0.782][FINE]:      Command received (/session/18a6d87bdbb14d823ff4cd2b788e6f78/window/current/position) with params {
   "x": 0,
   "y": 0
}

[0.782][FINER]:     Waiting for all views to stop loading...
[0.783][FINER]:     Done waiting for all views to stop loading
[0.790][FINER]:     Waiting for all views to stop loading...
[0.790][FINER]:     Done waiting for all views to stop loading
[0.790][FINE]:      Command finished (/session/18a6d87bdbb14d823ff4cd2b788e6f78/window/current/position) with response {
   "sessionId": "18a6d87bdbb14d823ff4cd2b788e6f78",
   "status": 0,
   "value": {

   }
}

[0.791][FINE]:      Command received (/session/18a6d87bdbb14d823ff4cd2b788e6f78/window/current/size) with params {
   "height": 1024,
   "width": 1280
}

[0.791][FINER]:     Waiting for all views to stop loading...
[0.791][FINER]:     Done waiting for all views to stop loading
[0.796][FINER]:     Waiting for all views to stop loading...
[0.798][FINER]:     Done waiting for all views to stop loading
[0.798][FINE]:      Command finished (/session/18a6d87bdbb14d823ff4cd2b788e6f78/window/current/size) with response {
   "sessionId": "18a6d87bdbb14d823ff4cd2b788e6f78",
   "status": 0,
   "value": {

   }
}

[0.799][FINE]:      Command received (/session/18a6d87bdbb14d823ff4cd2b788e6f78/url) with params {
   "url": "http://www.soccerway.com/international/europe/european-championships"
}

[0.799][FINER]:     Waiting for all views to stop loading...
[0.800][FINER]:     Done waiting for all views to stop loading
[7.961][FINER]:     Waiting for all views to stop loading...
[7.967][FINER]:     Done waiting for all views to stop loading
[7.967][FINE]:      Command finished (/session/18a6d87bdbb14d823ff4cd2b788e6f78/url) with response {
   "sessionId": "18a6d87bdbb14d823ff4cd2b788e6f78",
   "status": 0,
   "value": {

   }
}

[7.969][FINE]:      Command received (/session/18a6d87bdbb14d823ff4cd2b788e6f78/url)
[7.969][FINER]:     Waiting for all views to stop loading...
[7.969][FINER]:     Done waiting for all views to stop loading
[7.974][FINER]:     Waiting for all views to stop loading...
[7.975][FINER]:     Done waiting for all views to stop loading
[7.975][FINE]:      Command finished (/session/18a6d87bdbb14d823ff4cd2b788e6f78/url) with response {
   "sessionId": "18a6d87bdbb14d823ff4cd2b788e6f78",
   "status": 0,
   "value": "http://www.soccerway.com/international/europe/european-championships/2012-poland-ukraine/final-st..."
}

[7.976][FINE]:      Command received (/session/18a6d87bdbb14d823ff4cd2b788e6f78/source)
[7.976][FINER]:     Waiting for all views to stop loading...
[7.977][FINER]:     Done waiting for all views to stop loading
[8.026][FINER]:     Waiting for all views to stop loading...
[8.027][FINER]:     Done waiting for all views to stop loading
[8.027][FINE]:      Command finished (/session/18a6d87bdbb14d823ff4cd2b788e6f78/source) with response {
   "sessionId": "18a6d87bdbb14d823ff4cd2b788e6f78",
   "status": 0,
   "value": "\u003C!DOCTYPE html\u003E\u003C!--[if lt IE 7 ]\u003E\u003Chtml lang=\"en\" class=\"ie6\"\u003E \u003C![endif]--\u003E\u003C!--[if IE 7 ]\u003E\u003Chtml la..."
}

[8.075][FINE]:      Command received (/session/18a6d87bdbb14d823ff4cd2b788e6f78/frame) with params {
   "id": null
}

[8.075][FINER]:     Waiting for all views to stop loading...
[8.075][FINER]:     Done waiting for all views to stop loading
[8.076][FINER]:     Waiting for all views to stop loading...
[8.076][FINER]:     Done waiting for all views to stop loading
[8.076][FINE]:      Command finished (/session/18a6d87bdbb14d823ff4cd2b788e6f78/frame) with response {
   "sessionId": "18a6d87bdbb14d823ff4cd2b788e6f78",
   "status": 0,
   "value": {

   }
}

[8.077][FINE]:      Command received (/session/18a6d87bdbb14d823ff4cd2b788e6f78/element) with params {
   "using": "xpath",
   "value": ".//select[@name='season_id']"
}

[8.077][FINER]:     Waiting for all views to stop loading...
[8.077][FINER]:     Done waiting for all views to stop loading
[8.100][FINER]:     Waiting for all views to stop loading...
[8.101][FINER]:     Done waiting for all views to stop loading
[8.101][FINE]:      Command finished (/session/18a6d87bdbb14d823ff4cd2b788e6f78/element) with response {
   "sessionId": "18a6d87bdbb14d823ff4cd2b788e6f78",
   "status": 0,
   "value": {
      "ELEMENT": ":wdc:1353817074477"
   }
}

[8.102][FINE]:      Command received (/session/18a6d87bdbb14d823ff4cd2b788e6f78/element/:wdc:1353817074477/name)
[8.102][FINER]:     Waiting for all views to stop loading...
[8.102][FINER]:     Done waiting for all views to stop loading
[8.106][FINER]:     Waiting for all views to stop loading...
[8.106][FINER]:     Done waiting for all views to stop loading
[8.106][FINE]:      Command finished (/session/18a6d87bdbb14d823ff4cd2b788e6f78/element/:wdc:1353817074477/name) with response {
   "sessionId": "18a6d87bdbb14d823ff4cd2b788e6f78",
   "status": 0,
   "value": "select"
}

[8.107][FINE]:      Command received (/session/18a6d87bdbb14d823ff4cd2b788e6f78/frame) with params {
   "id": null
}

[8.107][FINER]:     Waiting for all views to stop loading...
[8.108][FINER]:     Done waiting for all views to stop loading
[8.108][FINER]:     Waiting for all views to stop loading...
[8.108][FINER]:     Done waiting for all views to stop loading
[8.108][FINE]:      Command finished (/session/18a6d87bdbb14d823ff4cd2b788e6f78/frame) with response {
   "sessionId": "18a6d87bdbb14d823ff4cd2b788e6f78",
   "status": 0,
   "value": {

   }
}

[8.109][FINE]:      Command received (/session/18a6d87bdbb14d823ff4cd2b788e6f78/element) with params {
   "using": "xpath",
   "value": ".//select[@name='season_id']"
}

[8.109][FINER]:     Waiting for all views to stop loading...
[8.109][FINER]:     Done waiting for all views to stop loading
[8.115][FINER]:     Waiting for all views to stop loading...
[8.116][FINER]:     Done waiting for all views to stop loading
[8.116][FINE]:      Command finished (/session/18a6d87bdbb14d823ff4cd2b788e6f78/element) with response {
   "sessionId": "18a6d87bdbb14d823ff4cd2b788e6f78",
   "status": 0,
   "value": {
      "ELEMENT": ":wdc:1353817074477"
   }
}

[8.117][FINE]:      Command received (/session/18a6d87bdbb14d823ff4cd2b788e6f78/element/:wdc:1353817074477/name)
[8.117][FINER]:     Waiting for all views to stop loading...
[8.117][FINER]:     Done waiting for all views to stop loading
[8.119][FINER]:     Waiting for all views to stop loading...
[8.119][FINER]:     Done waiting for all views to stop loading
[8.119][FINE]:      Command finished (/session/18a6d87bdbb14d823ff4cd2b788e6f78/element/:wdc:1353817074477/name) with response {
   "sessionId": "18a6d87bdbb14d823ff4cd2b788e6f78",
   "status": 0,
   "value": "select"
}

[8.120][FINE]:      Command received (/session/18a6d87bdbb14d823ff4cd2b788e6f78/element/:wdc:1353817074477/attribute/multiple)
[8.120][FINER]:     Waiting for all views to stop loading...
[8.121][FINER]:     Done waiting for all views to stop loading
[8.170][FINER]:     Waiting for all views to stop loading...
[8.171][FINER]:     Done waiting for all views to stop loading
[8.171][FINE]:      Command finished (/session/18a6d87bdbb14d823ff4cd2b788e6f78/element/:wdc:1353817074477/attribute/multiple) with response {
   "sessionId": "18a6d87bdbb14d823ff4cd2b788e6f78",
   "status": 0,
   "value": null
}

[8.173][FINE]:      Command received (/session/18a6d87bdbb14d823ff4cd2b788e6f78/element/:wdc:1353817074477/element) with params {
   "using": "xpath",
   "value": ".//option[normalize-space()='2012 Poland/Ukraine' or @label='2012 Poland/Ukraine']"
}

[8.173][FINER]:     Waiting for all views to stop loading...
[8.174][FINER]:     Done waiting for all views to stop loading
[8.196][FINER]:     Waiting for all views to stop loading...
[8.196][FINER]:     Done waiting for all views to stop loading
[8.196][FINE]:      Command finished (/session/18a6d87bdbb14d823ff4cd2b788e6f78/element/:wdc:1353817074477/element) with response {
   "sessionId": "18a6d87bdbb14d823ff4cd2b788e6f78",
   "status": 0,
   "value": {
      "ELEMENT": ":wdc:1353817074478"
   }
}

[8.198][FINE]:      Command received (/session/18a6d87bdbb14d823ff4cd2b788e6f78/element/:wdc:1353817074478/selected)
[8.198][FINER]:     Waiting for all views to stop loading...
[8.199][FINER]:     Done waiting for all views to stop loading
[8.235][FINER]:     Waiting for all views to stop loading...
[8.236][FINER]:     Done waiting for all views to stop loading
[8.236][FINE]:      Command finished (/session/18a6d87bdbb14d823ff4cd2b788e6f78/element/:wdc:1353817074478/selected) with response {
   "sessionId": "18a6d87bdbb14d823ff4cd2b788e6f78",
   "status": 0,
   "value": true
}

[8.237][FINE]:      Command received (/session/18a6d87bdbb14d823ff4cd2b788e6f78/element/:wdc:1353817074478/text)
[8.237][FINER]:     Waiting for all views to stop loading...
[8.238][FINER]:     Done waiting for all views to stop loading
[8.280][FINER]:     Waiting for all views to stop loading...
[8.280][FINER]:     Done waiting for all views to stop loading
[8.280][FINE]:      Command finished (/session/18a6d87bdbb14d823ff4cd2b788e6f78/element/:wdc:1353817074478/text) with response {
   "sessionId": "18a6d87bdbb14d823ff4cd2b788e6f78",
   "status": 0,
   "value": "2012 Poland/Ukraine"
}

[8.282][FINE]:      Command received (/session/18a6d87bdbb14d823ff4cd2b788e6f78/source)
[8.282][FINER]:     Waiting for all views to stop loading...
[8.283][FINER]:     Done waiting for all views to stop loading
[8.316][FINER]:     Waiting for all views to stop loading...
[8.318][FINER]:     Done waiting for all views to stop loading
[8.318][FINE]:      Command finished (/session/18a6d87bdbb14d823ff4cd2b788e6f78/source) with response {
   "sessionId": "18a6d87bdbb14d823ff4cd2b788e6f78",
   "status": 0,
   "value": "\u003C!DOCTYPE html\u003E\u003C!--[if lt IE 7 ]\u003E\u003Chtml lang=\"en\" class=\"ie6\"\u003E \u003C![endif]--\u003E\u003C!--[if IE 7 ]\u003E\u003Chtml la..."
}

[8.365][FINE]:      Command received (/session/18a6d87bdbb14d823ff4cd2b788e6f78/frame) with params {
   "id": null
}

[8.365][FINER]:     Waiting for all views to stop loading...
[8.365][FINER]:     Done waiting for all views to stop loading
[8.365][FINER]:     Waiting for all views to stop loading...
[8.366][FINER]:     Done waiting for all views to stop loading
[8.366][FINE]:      Command finished (/session/18a6d87bdbb14d823ff4cd2b788e6f78/frame) with response {
   "sessionId": "18a6d87bdbb14d823ff4cd2b788e6f78",
   "status": 0,
   "value": {

   }
}

[8.367][FINE]:      Command received (/session/18a6d87bdbb14d823ff4cd2b788e6f78/element) with params {
   "using": "xpath",
   "value": ".//select[@name='round_id']"
}

[8.367][FINER]:     Waiting for all views to stop loading...
[8.367][FINER]:     Done waiting for all views to stop loading
[8.395][FINER]:     Waiting for all views to stop loading...
[8.396][FINER]:     Done waiting for all views to stop loading
[8.396][FINE]:      Command finished (/session/18a6d87bdbb14d823ff4cd2b788e6f78/element) with response {
   "sessionId": "18a6d87bdbb14d823ff4cd2b788e6f78",
   "status": 0,
   "value": {
      "ELEMENT": ":wdc:1353817074479"
   }
}

[8.397][FINE]:      Command received (/session/18a6d87bdbb14d823ff4cd2b788e6f78/element/:wdc:1353817074479/name)
[8.397][FINER]:     Waiting for all views to stop loading...
[8.398][FINER]:     Done waiting for all views to stop loading
[8.402][FINER]:     Waiting for all views to stop loading...
[8.403][FINER]:     Done waiting for all views to stop loading
[8.403][FINE]:      Command finished (/session/18a6d87bdbb14d823ff4cd2b788e6f78/element/:wdc:1353817074479/name) with response {
   "sessionId": "18a6d87bdbb14d823ff4cd2b788e6f78",
   "status": 0,
   "value": "select"
}

[8.405][FINE]:      Command received (/session/18a6d87bdbb14d823ff4cd2b788e6f78/frame) with params {
   "id": null
}

[8.405][FINER]:     Waiting for all views to stop loading...
[8.405][FINER]:     Done waiting for all views to stop loading
[8.405][FINER]:     Waiting for all views to stop loading...
[8.406][FINER]:     Done waiting for all views to stop loading
[8.406][FINE]:      Command finished (/session/18a6d87bdbb14d823ff4cd2b788e6f78/frame) with response {
   "sessionId": "18a6d87bdbb14d823ff4cd2b788e6f78",
   "status": 0,
   "value": {

   }
}

[8.407][FINE]:      Command received (/session/18a6d87bdbb14d823ff4cd2b788e6f78/element) with params {
   "using": "xpath",
   "value": ".//select[@name='round_id']"
}

[8.407][FINER]:     Waiting for all views to stop loading...
[8.408][FINER]:     Done waiting for all views to stop loading
[8.414][FINER]:     Waiting for all views to stop loading...
[8.414][FINER]:     Done waiting for all views to stop loading
[8.414][FINE]:      Command finished (/session/18a6d87bdbb14d823ff4cd2b788e6f78/element) with response {
   "sessionId": "18a6d87bdbb14d823ff4cd2b788e6f78",
   "status": 0,
   "value": {
      "ELEMENT": ":wdc:1353817074479"
   }
}

[8.415][FINE]:      Command received (/session/18a6d87bdbb14d823ff4cd2b788e6f78/element/:wdc:1353817074479/name)
[8.415][FINER]:     Waiting for all views to stop loading...
[8.415][FINER]:     Done waiting for all views to stop loading
[8.417][FINER]:     Waiting for all views to stop loading...
[8.417][FINER]:     Done waiting for all views to stop loading
[8.417][FINE]:      Command finished (/session/18a6d87bdbb14d823ff4cd2b788e6f78/element/:wdc:1353817074479/name) with response {
   "sessionId": "18a6d87bdbb14d823ff4cd2b788e6f78",
   "status": 0,
   "value": "select"
}

[8.418][FINE]:      Command received (/session/18a6d87bdbb14d823ff4cd2b788e6f78/element/:wdc:1353817074479/attribute/multiple)
[8.418][FINER]:     Waiting for all views to stop loading...
[8.418][FINER]:     Done waiting for all views to stop loading
[8.449][FINER]:     Waiting for all views to stop loading...
[8.450][FINER]:     Done waiting for all views to stop loading
[8.450][FINE]:      Command finished (/session/18a6d87bdbb14d823ff4cd2b788e6f78/element/:wdc:1353817074479/attribute/multiple) with response {
   "sessionId": "18a6d87bdbb14d823ff4cd2b788e6f78",
   "status": 0,
   "value": null
}

[8.452][FINE]:      Command received (/session/18a6d87bdbb14d823ff4cd2b788e6f78/element/:wdc:1353817074479/element) with params {
   "using": "xpath",
   "value": ".//option[normalize-space()='Final' or @label='Final']"
}

[8.452][FINER]:     Waiting for all views to stop loading...
[8.452][FINER]:     Done waiting for all views to stop loading
[8.494][FINER]:     Waiting for all views to stop loading...
[8.495][FINER]:     Done waiting for all views to stop loading
[8.495][FINE]:      Command finished (/session/18a6d87bdbb14d823ff4cd2b788e6f78/element/:wdc:1353817074479/element) with response {
   "sessionId": "18a6d87bdbb14d823ff4cd2b788e6f78",
   "status": 0,
   "value": {
      "ELEMENT": ":wdc:1353817074480"
   }
}

[8.496][FINE]:      Command received (/session/18a6d87bdbb14d823ff4cd2b788e6f78/element/:wdc:1353817074480/selected)
[8.496][FINER]:     Waiting for all views to stop loading...
[8.497][FINER]:     Done waiting for all views to stop loading
[8.543][FINER]:     Waiting for all views to stop loading...
[8.544][FINER]:     Done waiting for all views to stop loading
[8.544][FINE]:      Command finished (/session/18a6d87bdbb14d823ff4cd2b788e6f78/element/:wdc:1353817074480/selected) with response {
   "sessionId": "18a6d87bdbb14d823ff4cd2b788e6f78",
   "status": 0,
   "value": true
}

[8.545][FINE]:      Command received (/session/18a6d87bdbb14d823ff4cd2b788e6f78/element/:wdc:1353817074480/text)
[8.545][FINER]:     Waiting for all views to stop loading...
[8.547][FINER]:     Done waiting for all views to stop loading
[8.582][FINER]:     Waiting for all views to stop loading...
[8.583][FINER]:     Done waiting for all views to stop loading
[8.583][FINE]:      Command finished (/session/18a6d87bdbb14d823ff4cd2b788e6f78/element/:wdc:1353817074480/text) with response {
   "sessionId": "18a6d87bdbb14d823ff4cd2b788e6f78",
   "status": 0,
   "value": "Final"
}

[8.584][FINE]:      Command received (/session/18a6d87bdbb14d823ff4cd2b788e6f78/source)
[8.584][FINER]:     Waiting for all views to stop loading...
[8.585][FINER]:     Done waiting for all views to stop loading
[8.621][FINER]:     Waiting for all views to stop loading...
[8.621][FINER]:     Done waiting for all views to stop loading
[8.621][FINE]:      Command finished (/session/18a6d87bdbb14d823ff4cd2b788e6f78/source) with response {
   "sessionId": "18a6d87bdbb14d823ff4cd2b788e6f78",
   "status": 0,
   "value": "\u003C!DOCTYPE html\u003E\u003C!--[if lt IE 7 ]\u003E\u003Chtml lang=\"en\" class=\"ie6\"\u003E \u003C![endif]--\u003E\u003C!--[if IE 7 ]\u003E\u003Chtml la..."
}

[8.652][FINE]:      Command received (/session/18a6d87bdbb14d823ff4cd2b788e6f78/frame) with params {
   "id": null
}

[8.652][FINER]:     Waiting for all views to stop loading...
[8.653][FINER]:     Done waiting for all views to stop loading
[8.653][FINER]:     Waiting for all views to stop loading...
[8.653][FINER]:     Done waiting for all views to stop loading
[8.653][FINE]:      Command finished (/session/18a6d87bdbb14d823ff4cd2b788e6f78/frame) with response {
   "sessionId": "18a6d87bdbb14d823ff4cd2b788e6f78",
   "status": 0,
   "value": {

   }
}

[8.654][FINE]:      Command received (/session/18a6d87bdbb14d823ff4cd2b788e6f78/element) with params {
   "using": "id",
   "value": "group_id_selector"
}

[8.654][FINER]:     Waiting for all views to stop loading...
[8.654][FINER]:     Done waiting for all views to stop loading
[8.680][FINER]:     Waiting for all views to stop loading...
[8.680][FINER]:     Done waiting for all views to stop loading
[8.680][WARNING]:   Command finished (/session/18a6d87bdbb14d823ff4cd2b788e6f78/element) with response {
   "sessionId": "18a6d87bdbb14d823ff4cd2b788e6f78",
   "status": 7,
   "value": {
      "message": "The element could not be found"
   }
}

[8.683][FINE]:      Command received (/session/18a6d87bdbb14d823ff4cd2b788e6f78/element) with params {
   "using": "xpath",
   "value": ".//select[@id='group_id_selector']"
}

[8.683][FINER]:     Waiting for all views to stop loading...
[8.683][FINER]:     Done waiting for all views to stop loading
[8.714][FINER]:     Waiting for all views to stop loading...
[8.714][FINER]:     Done waiting for all views to stop loading
[8.714][WARNING]:   Command finished (/session/18a6d87bdbb14d823ff4cd2b788e6f78/element) with response {
   "sessionId": "18a6d87bdbb14d823ff4cd2b788e6f78",
   "status": 7,
   "value": {
      "message": "The element could not be found"
   }
}

[8.798][FINE]:      Command received (/session/18a6d87bdbb14d823ff4cd2b788e6f78/frame) with params {
   "id": null
}

[8.798][FINER]:     Waiting for all views to stop loading...
[8.799][FINER]:     Done waiting for all views to stop loading
[8.799][FINER]:     Waiting for all views to stop loading...
[8.799][FINER]:     Done waiting for all views to stop loading
[8.799][FINE]:      Command finished (/session/18a6d87bdbb14d823ff4cd2b788e6f78/frame) with response {
   "sessionId": "18a6d87bdbb14d823ff4cd2b788e6f78",
   "status": 0,
   "value": {

   }
}

[8.800][FINE]:      Command received (/session/18a6d87bdbb14d823ff4cd2b788e6f78/element) with params {
   "using": "xpath",
   "value": ".//select[@name='round_id']"
}

[8.800][FINER]:     Waiting for all views to stop loading...
[8.800][FINER]:     Done waiting for all views to stop loading
[8.807][FINER]:     Waiting for all views to stop loading...
[8.807][FINER]:     Done waiting for all views to stop loading
[8.807][FINE]:      Command finished (/session/18a6d87bdbb14d823ff4cd2b788e6f78/element) with response {
   "sessionId": "18a6d87bdbb14d823ff4cd2b788e6f78",
   "status": 0,
   "value": {
      "ELEMENT": ":wdc:1353817074479"
   }
}

[8.808][FINE]:      Command received (/session/18a6d87bdbb14d823ff4cd2b788e6f78/element/:wdc:1353817074479/name)
[8.808][FINER]:     Waiting for all views to stop loading...
[8.808][FINER]:     Done waiting for all views to stop loading
[8.809][FINER]:     Waiting for all views to stop loading...
[8.809][FINER]:     Done waiting for all views to stop loading
[8.809][FINE]:      Command finished (/session/18a6d87bdbb14d823ff4cd2b788e6f78/element/:wdc:1353817074479/name) with response {
   "sessionId": "18a6d87bdbb14d823ff4cd2b788e6f78",
   "status": 0,
   "value": "select"
}

[8.810][FINE]:      Command received (/session/18a6d87bdbb14d823ff4cd2b788e6f78/frame) with params {
   "id": null
}

[8.810][FINER]:     Waiting for all views to stop loading...
[8.811][FINER]:     Done waiting for all views to stop loading
[8.811][FINER]:     Waiting for all views to stop loading...
[8.811][FINER]:     Done waiting for all views to stop loading
[8.811][FINE]:      Command finished (/session/18a6d87bdbb14d823ff4cd2b788e6f78/frame) with response {
   "sessionId": "18a6d87bdbb14d823ff4cd2b788e6f78",
   "status": 0,
   "value": {

   }
}

[8.811][FINE]:      Command received (/session/18a6d87bdbb14d823ff4cd2b788e6f78/element) with params {
   "using": "xpath",
   "value": ".//select[@name='round_id']"
}

[8.812][FINER]:     Waiting for all views to stop loading...
[8.812][FINER]:     Done waiting for all views to stop loading
[8.816][FINER]:     Waiting for all views to stop loading...
[8.816][FINER]:     Done waiting for all views to stop loading
[8.816][FINE]:      Command finished (/session/18a6d87bdbb14d823ff4cd2b788e6f78/element) with response {
   "sessionId": "18a6d87bdbb14d823ff4cd2b788e6f78",
   "status": 0,
   "value": {
      "ELEMENT": ":wdc:1353817074479"
   }
}

[8.817][FINE]:      Command received (/session/18a6d87bdbb14d823ff4cd2b788e6f78/element/:wdc:1353817074479/name)
[8.817][FINER]:     Waiting for all views to stop loading...
[8.817][FINER]:     Done waiting for all views to stop loading
[8.818][FINER]:     Waiting for all views to stop loading...
[8.818][FINER]:     Done waiting for all views to stop loading
[8.818][FINE]:      Command finished (/session/18a6d87bdbb14d823ff4cd2b788e6f78/element/:wdc:1353817074479/name) with response {
   "sessionId": "18a6d87bdbb14d823ff4cd2b788e6f78",
   "status": 0,
   "value": "select"
}

[8.819][FINE]:      Command received (/session/18a6d87bdbb14d823ff4cd2b788e6f78/element/:wdc:1353817074479/attribute/multiple)
[8.819][FINER]:     Waiting for all views to stop loading...
[8.819][FINER]:     Done waiting for all views to stop loading
[8.825][FINER]:     Waiting for all views to stop loading...
[8.825][FINER]:     Done waiting for all views to stop loading
[8.825][FINE]:      Command finished (/session/18a6d87bdbb14d823ff4cd2b788e6f78/element/:wdc:1353817074479/attribute/multiple) with response {
   "sessionId": "18a6d87bdbb14d823ff4cd2b788e6f78",
   "status": 0,
   "value": null
}

[8.826][FINE]:      Command received (/session/18a6d87bdbb14d823ff4cd2b788e6f78/element/:wdc:1353817074479/element) with params {
   "using": "xpath",
   "value": ".//option[normalize-space()='Semi-finals' or @label='Semi-finals']"
}

[8.826][FINER]:     Waiting for all views to stop loading...
[8.826][FINER]:     Done waiting for all views to stop loading
[8.857][FINER]:     Waiting for all views to stop loading...
[8.857][FINER]:     Done waiting for all views to stop loading
[8.857][FINE]:      Command finished (/session/18a6d87bdbb14d823ff4cd2b788e6f78/element/:wdc:1353817074479/element) with response {
   "sessionId": "18a6d87bdbb14d823ff4cd2b788e6f78",
   "status": 0,
   "value": {
      "ELEMENT": ":wdc:1353817074481"
   }
}

[8.858][FINE]:      Command received (/session/18a6d87bdbb14d823ff4cd2b788e6f78/element/:wdc:1353817074481/selected)
[8.858][FINER]:     Waiting for all views to stop loading...
[8.858][FINER]:     Done waiting for all views to stop loading
[8.903][FINER]:     Waiting for all views to stop loading...
[8.903][FINER]:     Done waiting for all views to stop loading
[8.903][FINE]:      Command finished (/session/18a6d87bdbb14d823ff4cd2b788e6f78/element/:wdc:1353817074481/selected) with response {
   "sessionId": "18a6d87bdbb14d823ff4cd2b788e6f78",
   "status": 0,
   "value": false
}

[8.904][FINE]:      Command received (/session/18a6d87bdbb14d823ff4cd2b788e6f78/element/:wdc:1353817074481/click) with params {

}

[8.904][FINER]:     Waiting for all views to stop loading...
[8.905][FINER]:     Done waiting for all views to stop loading
[8.938][FINER]:     Waiting for all views to stop loading...
[8.939][FINER]:     Done waiting for all views to stop loading
[8.939][FINE]:      Command finished (/session/18a6d87bdbb14d823ff4cd2b788e6f78/element/:wdc:1353817074481/click) with response {
   "sessionId": "18a6d87bdbb14d823ff4cd2b788e6f78",
   "status": 0,
   "value": {

   }
}

[8.940][FINE]:      Command received (/session/18a6d87bdbb14d823ff4cd2b788e6f78/element/:wdc:1353817074481/text)
[8.940][FINER]:     Waiting for all views to stop loading...
[8.940][FINER]:     Done waiting for all views to stop loading
[8.978][FINER]:     Waiting for all views to stop loading...
[11.441][FINER]:    Done waiting for all views to stop loading
[11.441][FINE]:     Command finished (/session/18a6d87bdbb14d823ff4cd2b788e6f78/element/:wdc:1353817074481/text) with response {
   "sessionId": "18a6d87bdbb14d823ff4cd2b788e6f78",
   "status": 0,
   "value": "Semi-finals"
}

[11.443][FINE]:     Command received (/session/18a6d87bdbb14d823ff4cd2b788e6f78/source)
[11.443][FINER]:    Waiting for all views to stop loading...
[11.445][FINER]:    Done waiting for all views to stop loading
[11.509][FINER]:    Waiting for all views to stop loading...
[11.510][FINER]:    Done waiting for all views to stop loading
[11.510][FINE]:     Command finished (/session/18a6d87bdbb14d823ff4cd2b788e6f78/source) with response {
   "sessionId": "18a6d87bdbb14d823ff4cd2b788e6f78",
   "status": 0,
   "value": "\u003C!DOCTYPE html\u003E\u003C!--[if lt IE 7 ]\u003E\u003Chtml lang=\"en\" class=\"ie6\"\u003E \u003C![endif]--\u003E\u003C!--[if IE 7 ]\u003E\u003Chtml la..."
}

[11.545][FINE]:     Command received (/session/18a6d87bdbb14d823ff4cd2b788e6f78/frame) with params {
   "id": null
}

[11.545][FINER]:    Waiting for all views to stop loading...
[11.546][FINER]:    Done waiting for all views to stop loading
[11.546][FINER]:    Waiting for all views to stop loading...
[11.546][FINER]:    Done waiting for all views to stop loading
[11.546][FINE]:     Command finished (/session/18a6d87bdbb14d823ff4cd2b788e6f78/frame) with response {
   "sessionId": "18a6d87bdbb14d823ff4cd2b788e6f78",
   "status": 0,
   "value": {

   }
}

[11.548][FINE]:     Command received (/session/18a6d87bdbb14d823ff4cd2b788e6f78/element) with params {
   "using": "id",
   "value": "group_id_selector"
}

[11.548][FINER]:    Waiting for all views to stop loading...
[11.548][FINER]:    Done waiting for all views to stop loading
[11.556][FINER]:    Waiting for all views to stop loading...
[11.556][FINER]:    Done waiting for all views to stop loading
[11.556][WARNING]:  Command finished (/session/18a6d87bdbb14d823ff4cd2b788e6f78/element) with response {
   "sessionId": "18a6d87bdbb14d823ff4cd2b788e6f78",
   "status": 7,
   "value": {
      "message": "The element could not be found"
   }
}

[11.557][FINE]:     Command received (/session/18a6d87bdbb14d823ff4cd2b788e6f78/element) with params {
   "using": "xpath",
   "value": ".//select[@id='group_id_selector']"
}

[11.557][FINER]:    Waiting for all views to stop loading...
[11.558][FINER]:    Done waiting for all views to stop loading
[11.564][FINER]:    Waiting for all views to stop loading...
[11.564][FINER]:    Done waiting for all views to stop loading
[11.564][WARNING]:  Command finished (/session/18a6d87bdbb14d823ff4cd2b788e6f78/element) with response {
   "sessionId": "18a6d87bdbb14d823ff4cd2b788e6f78",
   "status": 7,
   "value": {
      "message": "The element could not be found"
   }
}

[11.654][FINE]:     Command received (/session/18a6d87bdbb14d823ff4cd2b788e6f78/frame) with params {
   "id": null
}

[11.654][FINER]:    Waiting for all views to stop loading...
[11.654][FINER]:    Done waiting for all views to stop loading
[11.654][FINER]:    Waiting for all views to stop loading...
[11.655][FINER]:    Done waiting for all views to stop loading
[11.655][FINE]:     Command finished (/session/18a6d87bdbb14d823ff4cd2b788e6f78/frame) with response {
   "sessionId": "18a6d87bdbb14d823ff4cd2b788e6f78",
   "status": 0,
   "value": {

   }
}

[11.655][FINE]:     Command received (/session/18a6d87bdbb14d823ff4cd2b788e6f78/element) with params {
   "using": "xpath",
   "value": ".//select[@name='round_id']"
}

[11.655][FINER]:    Waiting for all views to stop loading...
[11.656][FINER]:    Done waiting for all views to stop loading
[11.659][FINER]:    Waiting for all views to stop loading...
[11.660][FINER]:    Done waiting for all views to stop loading
[11.660][FINE]:     Command finished (/session/18a6d87bdbb14d823ff4cd2b788e6f78/element) with response {
   "sessionId": "18a6d87bdbb14d823ff4cd2b788e6f78",
   "status": 0,
   "value": {
      "ELEMENT": ":wdc:1353817078037"
   }
}

[11.660][FINE]:     Command received (/session/18a6d87bdbb14d823ff4cd2b788e6f78/element/:wdc:1353817078037/name)
[11.660][FINER]:    Waiting for all views to stop loading...
[11.661][FINER]:    Done waiting for all views to stop loading
[11.669][FINER]:    Waiting for all views to stop loading...
[11.669][FINER]:    Done waiting for all views to stop loading
[11.669][FINE]:     Command finished (/session/18a6d87bdbb14d823ff4cd2b788e6f78/element/:wdc:1353817078037/name) with response {
   "sessionId": "18a6d87bdbb14d823ff4cd2b788e6f78",
   "status": 0,
   "value": "select"
}

[11.671][FINE]:     Command received (/session/18a6d87bdbb14d823ff4cd2b788e6f78/frame) with params {
   "id": null
}

[11.671][FINER]:    Waiting for all views to stop loading...
[11.672][FINER]:    Done waiting for all views to stop loading
[11.672][FINER]:    Waiting for all views to stop loading...
[11.672][FINER]:    Done waiting for all views to stop loading
[11.672][FINE]:     Command finished (/session/18a6d87bdbb14d823ff4cd2b788e6f78/frame) with response {
   "sessionId": "18a6d87bdbb14d823ff4cd2b788e6f78",
   "status": 0,
   "value": {

   }
}

[11.674][FINE]:     Command received (/session/18a6d87bdbb14d823ff4cd2b788e6f78/element) with params {
   "using": "xpath",
   "value": ".//select[@name='round_id']"
}

[11.674][FINER]:    Waiting for all views to stop loading...
[11.674][FINER]:    Done waiting for all views to stop loading
[11.682][FINER]:    Waiting for all views to stop loading...
[11.682][FINER]:    Done waiting for all views to stop loading
[11.682][FINE]:     Command finished (/session/18a6d87bdbb14d823ff4cd2b788e6f78/element) with response {
   "sessionId": "18a6d87bdbb14d823ff4cd2b788e6f78",
   "status": 0,
   "value": {
      "ELEMENT": ":wdc:1353817078037"
   }
}

[11.684][FINE]:     Command received (/session/18a6d87bdbb14d823ff4cd2b788e6f78/element/:wdc:1353817078037/name)
[11.684][FINER]:    Waiting for all views to stop loading...
[11.684][FINER]:    Done waiting for all views to stop loading
[11.686][FINER]:    Waiting for all views to stop loading...
[11.687][FINER]:    Done waiting for all views to stop loading
[11.687][FINE]:     Command finished (/session/18a6d87bdbb14d823ff4cd2b788e6f78/element/:wdc:1353817078037/name) with response {
   "sessionId": "18a6d87bdbb14d823ff4cd2b788e6f78",
   "status": 0,
   "value": "select"
}

[11.688][FINE]:     Command received (/session/18a6d87bdbb14d823ff4cd2b788e6f78/element/:wdc:1353817078037/attribute/multiple)
[11.688][FINER]:    Waiting for all views to stop loading...
[11.689][FINER]:    Done waiting for all views to stop loading
[11.730][FINER]:    Waiting for all views to stop loading...
[11.730][FINER]:    Done waiting for all views to stop loading
[11.730][FINE]:     Command finished (/session/18a6d87bdbb14d823ff4cd2b788e6f78/element/:wdc:1353817078037/attribute/multiple) with response {
   "sessionId": "18a6d87bdbb14d823ff4cd2b788e6f78",
   "status": 0,
   "value": null
}

[11.731][FINE]:     Command received (/session/18a6d87bdbb14d823ff4cd2b788e6f78/element/:wdc:1353817078037/element) with params {
   "using": "xpath",
   "value": ".//option[normalize-space()='Quarter-finals' or @label='Quarter-finals']"
}

[11.731][FINER]:    Waiting for all views to stop loading...
[11.731][FINER]:    Done waiting for all views to stop loading
[11.744][FINER]:    Waiting for all views to stop loading...
[11.744][FINER]:    Done waiting for all views to stop loading
[11.744][FINE]:     Command finished (/session/18a6d87bdbb14d823ff4cd2b788e6f78/element/:wdc:1353817078037/element) with response {
   "sessionId": "18a6d87bdbb14d823ff4cd2b788e6f78",
   "status": 0,
   "value": {
      "ELEMENT": ":wdc:1353817078038"
   }
}

[11.746][FINE]:     Command received (/session/18a6d87bdbb14d823ff4cd2b788e6f78/element/:wdc:1353817078038/selected)
[11.746][FINER]:    Waiting for all views to stop loading...
[11.747][FINER]:    Done waiting for all views to stop loading
[11.800][FINER]:    Waiting for all views to stop loading...
[11.801][FINER]:    Done waiting for all views to stop loading
[11.801][FINE]:     Command finished (/session/18a6d87bdbb14d823ff4cd2b788e6f78/element/:wdc:1353817078038/selected) with response {
   "sessionId": "18a6d87bdbb14d823ff4cd2b788e6f78",
   "status": 0,
   "value": false
}

[11.802][FINE]:     Command received (/session/18a6d87bdbb14d823ff4cd2b788e6f78/element/:wdc:1353817078038/click) with params {

}

[11.802][FINER]:    Waiting for all views to stop loading...
[11.802][FINER]:    Done waiting for all views to stop loading
[11.885][FINER]:    Waiting for all views to stop loading...
[11.886][FINER]:    Done waiting for all views to stop loading
[11.886][FINE]:     Command finished (/session/18a6d87bdbb14d823ff4cd2b788e6f78/element/:wdc:1353817078038/click) with response {
   "sessionId": "18a6d87bdbb14d823ff4cd2b788e6f78",
   "status": 0,
   "value": {

   }
}

[11.888][FINE]:     Command received (/session/18a6d87bdbb14d823ff4cd2b788e6f78/element/:wdc:1353817078038/text)
[11.888][FINER]:    Waiting for all views to stop loading...
[11.888][FINER]:    Done waiting for all views to stop loading
[11.957][FINER]:    Waiting for all views to stop loading...
[14.923][FINER]:    Done waiting for all views to stop loading
[14.923][FINE]:     Command finished (/session/18a6d87bdbb14d823ff4cd2b788e6f78/element/:wdc:1353817078038/text) with response {
   "sessionId": "18a6d87bdbb14d823ff4cd2b788e6f78",
   "status": 0,
   "value": "Quarter-finals"
}

[14.925][FINE]:     Command received (/session/18a6d87bdbb14d823ff4cd2b788e6f78/source)
[14.925][FINER]:    Waiting for all views to stop loading...
[14.925][FINER]:    Done waiting for all views to stop loading
[14.964][FINER]:    Waiting for all views to stop loading...
[14.965][FINER]:    Done waiting for all views to stop loading
[14.965][FINE]:     Command finished (/session/18a6d87bdbb14d823ff4cd2b788e6f78/source) with response {
   "sessionId": "18a6d87bdbb14d823ff4cd2b788e6f78",
   "status": 0,
   "value": "\u003C!DOCTYPE html\u003E\u003C!--[if lt IE 7 ]\u003E\u003Chtml lang=\"en\" class=\"ie6\"\u003E \u003C![endif]--\u003E\u003C!--[if IE 7 ]\u003E\u003Chtml la..."
}

[15.003][FINE]:     Command received (/session/18a6d87bdbb14d823ff4cd2b788e6f78/frame) with params {
   "id": null
}

[15.003][FINER]:    Waiting for all views to stop loading...
[15.004][FINER]:    Done waiting for all views to stop loading
[15.004][FINER]:    Waiting for all views to stop loading...
[15.004][FINER]:    Done waiting for all views to stop loading
[15.004][FINE]:     Command finished (/session/18a6d87bdbb14d823ff4cd2b788e6f78/frame) with response {
   "sessionId": "18a6d87bdbb14d823ff4cd2b788e6f78",
   "status": 0,
   "value": {

   }
}

[15.006][FINE]:     Command received (/session/18a6d87bdbb14d823ff4cd2b788e6f78/element) with params {
   "using": "id",
   "value": "group_id_selector"
}

[15.006][FINER]:    Waiting for all views to stop loading...
[15.007][FINER]:    Done waiting for all views to stop loading
[15.015][FINER]:    Waiting for all views to stop loading...
[15.015][FINER]:    Done waiting for all views to stop loading
[15.015][WARNING]:  Command finished (/session/18a6d87bdbb14d823ff4cd2b788e6f78/element) with response {
   "sessionId": "18a6d87bdbb14d823ff4cd2b788e6f78",
   "status": 7,
   "value": {
      "message": "The element could not be found"
   }
}

[15.017][FINE]:     Command received (/session/18a6d87bdbb14d823ff4cd2b788e6f78/element) with params {
   "using": "xpath",
   "value": ".//select[@id='group_id_selector']"
}

[15.017][FINER]:    Waiting for all views to stop loading...
[15.018][FINER]:    Done waiting for all views to stop loading
[15.024][FINER]:    Waiting for all views to stop loading...
[15.025][FINER]:    Done waiting for all views to stop loading
[15.025][WARNING]:  Command finished (/session/18a6d87bdbb14d823ff4cd2b788e6f78/element) with response {
   "sessionId": "18a6d87bdbb14d823ff4cd2b788e6f78",
   "status": 7,
   "value": {
      "message": "The element could not be found"
   }
}

[15.144][FINE]:     Command received (/session/18a6d87bdbb14d823ff4cd2b788e6f78/frame) with params {
   "id": null
}

[15.144][FINER]:    Waiting for all views to stop loading...
[15.144][FINER]:    Done waiting for all views to stop loading
[15.144][FINER]:    Waiting for all views to stop loading...
[15.144][FINER]:    Done waiting for all views to stop loading
[15.145][FINE]:     Command finished (/session/18a6d87bdbb14d823ff4cd2b788e6f78/frame) with response {
   "sessionId": "18a6d87bdbb14d823ff4cd2b788e6f78",
   "status": 0,
   "value": {

   }
}

[15.145][FINE]:     Command received (/session/18a6d87bdbb14d823ff4cd2b788e6f78/element) with params {
   "using": "xpath",
   "value": ".//select[@name='round_id']"
}

[15.145][FINER]:    Waiting for all views to stop loading...
[15.146][FINER]:    Done waiting for all views to stop loading
[15.150][FINER]:    Waiting for all views to stop loading...
[15.150][FINER]:    Done waiting for all views to stop loading
[15.150][FINE]:     Command finished (/session/18a6d87bdbb14d823ff4cd2b788e6f78/element) with response {
   "sessionId": "18a6d87bdbb14d823ff4cd2b788e6f78",
   "status": 0,
   "value": {
      "ELEMENT": ":wdc:1353817081528"
   }
}

[15.151][FINE]:     Command received (/session/18a6d87bdbb14d823ff4cd2b788e6f78/element/:wdc:1353817081528/name)
[15.151][FINER]:    Waiting for all views to stop loading...
[15.151][FINER]:    Done waiting for all views to stop loading
[15.155][FINER]:    Waiting for all views to stop loading...
[15.155][FINER]:    Done waiting for all views to stop loading
[15.155][FINE]:     Command finished (/session/18a6d87bdbb14d823ff4cd2b788e6f78/element/:wdc:1353817081528/name) with response {
   "sessionId": "18a6d87bdbb14d823ff4cd2b788e6f78",
   "status": 0,
   "value": "select"
}

[15.155][FINE]:     Command received (/session/18a6d87bdbb14d823ff4cd2b788e6f78/frame) with params {
   "id": null
}

[15.155][FINER]:    Waiting for all views to stop loading...
[15.156][FINER]:    Done waiting for all views to stop loading
[15.156][FINER]:    Waiting for all views to stop loading...
[15.156][FINER]:    Done waiting for all views to stop loading
[15.156][FINE]:     Command finished (/session/18a6d87bdbb14d823ff4cd2b788e6f78/frame) with response {
   "sessionId": "18a6d87bdbb14d823ff4cd2b788e6f78",
   "status": 0,
   "value": {

   }
}

[15.156][FINE]:     Command received (/session/18a6d87bdbb14d823ff4cd2b788e6f78/element) with params {
   "using": "xpath",
   "value": ".//select[@name='round_id']"
}

[15.156][FINER]:    Waiting for all views to stop loading...
[15.157][FINER]:    Done waiting for all views to stop loading
[15.160][FINER]:    Waiting for all views to stop loading...
[15.160][FINER]:    Done waiting for all views to stop loading
[15.160][FINE]:     Command finished (/session/18a6d87bdbb14d823ff4cd2b788e6f78/element) with response {
   "sessionId": "18a6d87bdbb14d823ff4cd2b788e6f78",
   "status": 0,
   "value": {
      "ELEMENT": ":wdc:1353817081528"
   }
}

[15.160][FINE]:     Command received (/session/18a6d87bdbb14d823ff4cd2b788e6f78/element/:wdc:1353817081528/name)
[15.160][FINER]:    Waiting for all views to stop loading...
[15.161][FINER]:    Done waiting for all views to stop loading
[15.161][FINER]:    Waiting for all views to stop loading...
[15.162][FINER]:    Done waiting for all views to stop loading
[15.162][FINE]:     Command finished (/session/18a6d87bdbb14d823ff4cd2b788e6f78/element/:wdc:1353817081528/name) with response {
   "sessionId": "18a6d87bdbb14d823ff4cd2b788e6f78",
   "status": 0,
   "value": "select"
}

[15.163][FINE]:     Command received (/session/18a6d87bdbb14d823ff4cd2b788e6f78/element/:wdc:1353817081528/attribute/multiple)
[15.163][FINER]:    Waiting for all views to stop loading...
[15.163][FINER]:    Done waiting for all views to stop loading
[15.194][FINER]:    Waiting for all views to stop loading...
[15.195][FINER]:    Done waiting for all views to stop loading
[15.195][FINE]:     Command finished (/session/18a6d87bdbb14d823ff4cd2b788e6f78/element/:wdc:1353817081528/attribute/multiple) with response {
   "sessionId": "18a6d87bdbb14d823ff4cd2b788e6f78",
   "status": 0,
   "value": null
}

[15.196][FINE]:     Command received (/session/18a6d87bdbb14d823ff4cd2b788e6f78/element/:wdc:1353817081528/element) with params {
   "using": "xpath",
   "value": ".//option[normalize-space()='Group stage' or @label='Group stage']"
}

[15.196][FINER]:    Waiting for all views to stop loading...
[15.196][FINER]:    Done waiting for all views to stop loading
[15.213][FINER]:    Waiting for all views to stop loading...
[15.213][FINER]:    Done waiting for all views to stop loading
[15.213][FINE]:     Command finished (/session/18a6d87bdbb14d823ff4cd2b788e6f78/element/:wdc:1353817081528/element) with response {
   "sessionId": "18a6d87bdbb14d823ff4cd2b788e6f78",
   "status": 0,
   "value": {
      "ELEMENT": ":wdc:1353817081529"
   }
}

[15.214][FINE]:     Command received (/session/18a6d87bdbb14d823ff4cd2b788e6f78/element/:wdc:1353817081529/selected)
[15.214][FINER]:    Waiting for all views to stop loading...
[15.215][FINER]:    Done waiting for all views to stop loading
[15.254][FINER]:    Waiting for all views to stop loading...
[15.256][FINER]:    Done waiting for all views to stop loading
[15.256][FINE]:     Command finished (/session/18a6d87bdbb14d823ff4cd2b788e6f78/element/:wdc:1353817081529/selected) with response {
   "sessionId": "18a6d87bdbb14d823ff4cd2b788e6f78",
   "status": 0,
   "value": false
}

[15.257][FINE]:     Command received (/session/18a6d87bdbb14d823ff4cd2b788e6f78/element/:wdc:1353817081529/click) with params {

}

[15.257][FINER]:    Waiting for all views to stop loading...
[15.258][FINER]:    Done waiting for all views to stop loading
[15.290][FINER]:    Waiting for all views to stop loading...
[15.291][FINER]:    Done waiting for all views to stop loading
[15.291][FINE]:     Command finished (/session/18a6d87bdbb14d823ff4cd2b788e6f78/element/:wdc:1353817081529/click) with response {
   "sessionId": "18a6d87bdbb14d823ff4cd2b788e6f78",
   "status": 0,
   "value": {

   }
}

[15.292][FINE]:     Command received (/session/18a6d87bdbb14d823ff4cd2b788e6f78/element/:wdc:1353817081529/text)
[15.292][FINER]:    Waiting for all views to stop loading...
[15.293][FINER]:    Done waiting for all views to stop loading
[15.349][FINER]:    Waiting for all views to stop loading...
[17.871][FINER]:    Done waiting for all views to stop loading
[17.872][FINE]:     Command finished (/session/18a6d87bdbb14d823ff4cd2b788e6f78/element/:wdc:1353817081529/text) with response {
   "sessionId": "18a6d87bdbb14d823ff4cd2b788e6f78",
   "status": 0,
   "value": "Group stage"
}

[17.873][FINE]:     Command received (/session/18a6d87bdbb14d823ff4cd2b788e6f78/source)
[17.873][FINER]:    Waiting for all views to stop loading...
[17.880][FINER]:    Done waiting for all views to stop loading
[17.929][FINER]:    Waiting for all views to stop loading...
[17.930][FINER]:    Done waiting for all views to stop loading
[17.930][FINE]:     Command finished (/session/18a6d87bdbb14d823ff4cd2b788e6f78/source) with response {
   "sessionId": "18a6d87bdbb14d823ff4cd2b788e6f78",
   "status": 0,
   "value": "\u003C!DOCTYPE html\u003E\u003C!--[if lt IE 7 ]\u003E\u003Chtml lang=\"en\" class=\"ie6\"\u003E \u003C![endif]--\u003E\u003C!--[if IE 7 ]\u003E\u003Chtml la..."
}

[17.982][FINE]:     Command received (/session/18a6d87bdbb14d823ff4cd2b788e6f78/frame) with params {
   "id": null
}

[17.982][FINER]:    Waiting for all views to stop loading...
[17.983][FINER]:    Done waiting for all views to stop loading
[17.983][FINER]:    Waiting for all views to stop loading...
[17.983][FINER]:    Done waiting for all views to stop loading
[17.983][FINE]:     Command finished (/session/18a6d87bdbb14d823ff4cd2b788e6f78/frame) with response {
   "sessionId": "18a6d87bdbb14d823ff4cd2b788e6f78",
   "status": 0,
   "value": {

   }
}

[17.984][FINE]:     Command received (/session/18a6d87bdbb14d823ff4cd2b788e6f78/element) with params {
   "using": "id",
   "value": "group_id_selector"
}

[17.984][FINER]:    Waiting for all views to stop loading...
[17.984][FINER]:    Done waiting for all views to stop loading
[17.995][FINER]:    Waiting for all views to stop loading...
[17.996][FINER]:    Done waiting for all views to stop loading
[17.996][FINE]:     Command finished (/session/18a6d87bdbb14d823ff4cd2b788e6f78/element) with response {
   "sessionId": "18a6d87bdbb14d823ff4cd2b788e6f78",
   "status": 0,
   "value": {
      "ELEMENT": ":wdc:1353817084370"
   }
}

[17.997][FINE]:     Command received (/session/18a6d87bdbb14d823ff4cd2b788e6f78/element/:wdc:1353817084370/name)
[17.997][FINER]:    Waiting for all views to stop loading...
[17.998][FINER]:    Done waiting for all views to stop loading
[18.006][FINER]:    Waiting for all views to stop loading...
[18.006][FINER]:    Done waiting for all views to stop loading
[18.006][FINE]:     Command finished (/session/18a6d87bdbb14d823ff4cd2b788e6f78/element/:wdc:1353817084370/name) with response {
   "sessionId": "18a6d87bdbb14d823ff4cd2b788e6f78",
   "status": 0,
   "value": "select"
}

[18.017][FINE]:     Command received (/session/18a6d87bdbb14d823ff4cd2b788e6f78/frame) with params {
   "id": null
}

[18.017][FINER]:    Waiting for all views to stop loading...
[18.018][FINER]:    Done waiting for all views to stop loading
[18.018][FINER]:    Waiting for all views to stop loading...
[18.018][FINER]:    Done waiting for all views to stop loading
[18.018][FINE]:     Command finished (/session/18a6d87bdbb14d823ff4cd2b788e6f78/frame) with response {
   "sessionId": "18a6d87bdbb14d823ff4cd2b788e6f78",
   "status": 0,
   "value": {

   }
}

[18.019][FINE]:     Command received (/session/18a6d87bdbb14d823ff4cd2b788e6f78/element) with params {
   "using": "xpath",
   "value": ".//select[@name='group_id']"
}

[18.019][FINER]:    Waiting for all views to stop loading...
[18.020][FINER]:    Done waiting for all views to stop loading
[18.037][FINER]:    Waiting for all views to stop loading...
[18.037][FINER]:    Done waiting for all views to stop loading
[18.037][FINE]:     Command finished (/session/18a6d87bdbb14d823ff4cd2b788e6f78/element) with response {
   "sessionId": "18a6d87bdbb14d823ff4cd2b788e6f78",
   "status": 0,
   "value": {
      "ELEMENT": ":wdc:1353817084370"
   }
}

[18.039][FINE]:     Command received (/session/18a6d87bdbb14d823ff4cd2b788e6f78/element/:wdc:1353817084370/name)
[18.039][FINER]:    Waiting for all views to stop loading...
[18.039][FINER]:    Done waiting for all views to stop loading
[18.041][FINER]:    Waiting for all views to stop loading...
[18.042][FINER]:    Done waiting for all views to stop loading
[18.042][FINE]:     Command finished (/session/18a6d87bdbb14d823ff4cd2b788e6f78/element/:wdc:1353817084370/name) with response {
   "sessionId": "18a6d87bdbb14d823ff4cd2b788e6f78",
   "status": 0,
   "value": "select"
}

[18.043][FINE]:     Command received (/session/18a6d87bdbb14d823ff4cd2b788e6f78/frame) with params {
   "id": null
}

[18.043][FINER]:    Waiting for all views to stop loading...
[18.044][FINER]:    Done waiting for all views to stop loading
[18.044][FINER]:    Waiting for all views to stop loading...
[18.044][FINER]:    Done waiting for all views to stop loading
[18.044][FINE]:     Command finished (/session/18a6d87bdbb14d823ff4cd2b788e6f78/frame) with response {
   "sessionId": "18a6d87bdbb14d823ff4cd2b788e6f78",
   "status": 0,
   "value": {

   }
}

[18.046][FINE]:     Command received (/session/18a6d87bdbb14d823ff4cd2b788e6f78/element) with params {
   "using": "xpath",
   "value": ".//select[@name='group_id']"
}

[18.046][FINER]:    Waiting for all views to stop loading...
[18.046][FINER]:    Done waiting for all views to stop loading
[18.054][FINER]:    Waiting for all views to stop loading...
[18.054][FINER]:    Done waiting for all views to stop loading
[18.054][FINE]:     Command finished (/session/18a6d87bdbb14d823ff4cd2b788e6f78/element) with response {
   "sessionId": "18a6d87bdbb14d823ff4cd2b788e6f78",
   "status": 0,
   "value": {
      "ELEMENT": ":wdc:1353817084370"
   }
}

[18.055][FINE]:     Command received (/session/18a6d87bdbb14d823ff4cd2b788e6f78/element/:wdc:1353817084370/name)
[18.055][FINER]:    Waiting for all views to stop loading...
[18.056][FINER]:    Done waiting for all views to stop loading
[18.066][FINER]:    Waiting for all views to stop loading...
[18.066][FINER]:    Done waiting for all views to stop loading
[18.066][FINE]:     Command finished (/session/18a6d87bdbb14d823ff4cd2b788e6f78/element/:wdc:1353817084370/name) with response {
   "sessionId": "18a6d87bdbb14d823ff4cd2b788e6f78",
   "status": 0,
   "value": "select"
}

[18.067][FINE]:     Command received (/session/18a6d87bdbb14d823ff4cd2b788e6f78/element/:wdc:1353817084370/attribute/multiple)
[18.067][FINER]:    Waiting for all views to stop loading...
[18.067][FINER]:    Done waiting for all views to stop loading
[18.138][FINER]:    Waiting for all views to stop loading...
[18.139][FINER]:    Done waiting for all views to stop loading
[18.139][FINE]:     Command finished (/session/18a6d87bdbb14d823ff4cd2b788e6f78/element/:wdc:1353817084370/attribute/multiple) with response {
   "sessionId": "18a6d87bdbb14d823ff4cd2b788e6f78",
   "status": 0,
   "value": null
}

[18.141][FINE]:     Command received (/session/18a6d87bdbb14d823ff4cd2b788e6f78/element/:wdc:1353817084370/element) with params {
   "using": "xpath",
   "value": ".//option[normalize-space()='Group A' or @label='Group A']"
}

[18.141][FINER]:    Waiting for all views to stop loading...
[18.141][FINER]:    Done waiting for all views to stop loading
[18.171][FINER]:    Waiting for all views to stop loading...
[18.171][FINER]:    Done waiting for all views to stop loading
[18.171][FINE]:     Command finished (/session/18a6d87bdbb14d823ff4cd2b788e6f78/element/:wdc:1353817084370/element) with response {
   "sessionId": "18a6d87bdbb14d823ff4cd2b788e6f78",
   "status": 0,
   "value": {
      "ELEMENT": ":wdc:1353817084371"
   }
}

[18.172][FINE]:     Command received (/session/18a6d87bdbb14d823ff4cd2b788e6f78/element/:wdc:1353817084371/selected)
[18.172][FINER]:    Waiting for all views to stop loading...
[18.173][FINER]:    Done waiting for all views to stop loading
[18.203][FINER]:    Waiting for all views to stop loading...
[18.204][FINER]:    Done waiting for all views to stop loading
[18.204][FINE]:     Command finished (/session/18a6d87bdbb14d823ff4cd2b788e6f78/element/:wdc:1353817084371/selected) with response {
   "sessionId": "18a6d87bdbb14d823ff4cd2b788e6f78",
   "status": 0,
   "value": false
}

[18.205][FINE]:     Command received (/session/18a6d87bdbb14d823ff4cd2b788e6f78/element/:wdc:1353817084371/click) with params {

}

[18.205][FINER]:    Waiting for all views to stop loading...
[18.206][FINER]:    Done waiting for all views to stop loading
[18.232][FINER]:    Waiting for all views to stop loading...
[18.232][FINER]:    Done waiting for all views to stop loading
[18.232][FINE]:     Command finished (/session/18a6d87bdbb14d823ff4cd2b788e6f78/element/:wdc:1353817084371/click) with response {
   "sessionId": "18a6d87bdbb14d823ff4cd2b788e6f78",
   "status": 0,
   "value": {

   }
}

[18.234][FINE]:     Command received (/session/18a6d87bdbb14d823ff4cd2b788e6f78/element/:wdc:1353817084371/text)
[18.234][FINER]:    Waiting for all views to stop loading...
[18.234][FINER]:    Done waiting for all views to stop loading
[18.276][FINER]:    Waiting for all views to stop loading...
[21.020][FINER]:    Done waiting for all views to stop loading
[21.020][FINE]:     Command finished (/session/18a6d87bdbb14d823ff4cd2b788e6f78/element/:wdc:1353817084371/text) with response {
   "sessionId": "18a6d87bdbb14d823ff4cd2b788e6f78",
   "status": 0,
   "value": "Group A"
}

[21.022][FINE]:     Command received (/session/18a6d87bdbb14d823ff4cd2b788e6f78/source)
[21.022][FINER]:    Waiting for all views to stop loading...
[21.025][FINER]:    Done waiting for all views to stop loading
[21.085][FINER]:    Waiting for all views to stop loading...
[21.086][FINER]:    Done waiting for all views to stop loading
[21.086][FINE]:     Command finished (/session/18a6d87bdbb14d823ff4cd2b788e6f78/source) with response {
   "sessionId": "18a6d87bdbb14d823ff4cd2b788e6f78",
   "status": 0,
   "value": "\u003C!DOCTYPE html\u003E\u003C!--[if lt IE 7 ]\u003E\u003Chtml lang=\"en\" class=\"ie6\"\u003E \u003C![endif]--\u003E\u003C!--[if IE 7 ]\u003E\u003Chtml la..."
}

[21.193][FINE]:     Command received (/session/18a6d87bdbb14d823ff4cd2b788e6f78/frame) with params {
   "id": null
}

[21.193][FINER]:    Waiting for all views to stop loading...
[21.194][FINER]:    Done waiting for all views to stop loading
[21.194][FINER]:    Waiting for all views to stop loading...
[21.195][FINER]:    Done waiting for all views to stop loading
[21.195][FINE]:     Command finished (/session/18a6d87bdbb14d823ff4cd2b788e6f78/frame) with response {
   "sessionId": "18a6d87bdbb14d823ff4cd2b788e6f78",
   "status": 0,
   "value": {

   }
}

[21.195][FINE]:     Command received (/session/18a6d87bdbb14d823ff4cd2b788e6f78/element) with params {
   "using": "xpath",
   "value": ".//select[@name='group_id']"
}

[21.195][FINER]:    Waiting for all views to stop loading...
[21.199][FINER]:    Done waiting for all views to stop loading
[21.237][FINER]:    Waiting for all views to stop loading...
[21.238][FINER]:    Done waiting for all views to stop loading
[21.238][FINE]:     Command finished (/session/18a6d87bdbb14d823ff4cd2b788e6f78/element) with response {
   "sessionId": "18a6d87bdbb14d823ff4cd2b788e6f78",
   "status": 0,
   "value": {
      "ELEMENT": ":wdc:1353817087612"
   }
}

[21.240][FINE]:     Command received (/session/18a6d87bdbb14d823ff4cd2b788e6f78/element/:wdc:1353817087612/name)
[21.240][FINER]:    Waiting for all views to stop loading...
[21.240][FINER]:    Done waiting for all views to stop loading
[21.250][FINER]:    Waiting for all views to stop loading...
[21.250][FINER]:    Done waiting for all views to stop loading
[21.250][FINE]:     Command finished (/session/18a6d87bdbb14d823ff4cd2b788e6f78/element/:wdc:1353817087612/name) with response {
   "sessionId": "18a6d87bdbb14d823ff4cd2b788e6f78",
   "status": 0,
   "value": "select"
}

[21.252][FINE]:     Command received (/session/18a6d87bdbb14d823ff4cd2b788e6f78/frame) with params {
   "id": null
}

[21.252][FINER]:    Waiting for all views to stop loading...
[21.252][FINER]:    Done waiting for all views to stop loading
[21.253][FINER]:    Waiting for all views to stop loading...
[21.253][FINER]:    Done waiting for all views to stop loading
[21.253][FINE]:     Command finished (/session/18a6d87bdbb14d823ff4cd2b788e6f78/frame) with response {
   "sessionId": "18a6d87bdbb14d823ff4cd2b788e6f78",
   "status": 0,
   "value": {

   }
}

[21.255][FINE]:     Command received (/session/18a6d87bdbb14d823ff4cd2b788e6f78/element) with params {
   "using": "xpath",
   "value": ".//select[@name='group_id']"
}

[21.255][FINER]:    Waiting for all views to stop loading...
[21.255][FINER]:    Done waiting for all views to stop loading
[21.268][FINER]:    Waiting for all views to stop loading...
[21.268][FINER]:    Done waiting for all views to stop loading
[21.268][FINE]:     Command finished (/session/18a6d87bdbb14d823ff4cd2b788e6f78/element) with response {
   "sessionId": "18a6d87bdbb14d823ff4cd2b788e6f78",
   "status": 0,
   "value": {
      "ELEMENT": ":wdc:1353817087612"
   }
}

[21.270][FINE]:     Command received (/session/18a6d87bdbb14d823ff4cd2b788e6f78/element/:wdc:1353817087612/name)
[21.270][FINER]:    Waiting for all views to stop loading...
[21.270][FINER]:    Done waiting for all views to stop loading
[21.274][FINER]:    Waiting for all views to stop loading...
[21.275][FINER]:    Done waiting for all views to stop loading
[21.275][FINE]:     Command finished (/session/18a6d87bdbb14d823ff4cd2b788e6f78/element/:wdc:1353817087612/name) with response {
   "sessionId": "18a6d87bdbb14d823ff4cd2b788e6f78",
   "status": 0,
   "value": "select"
}

[21.276][FINE]:     Command received (/session/18a6d87bdbb14d823ff4cd2b788e6f78/element/:wdc:1353817087612/attribute/multiple)
[21.276][FINER]:    Waiting for all views to stop loading...
[21.277][FINER]:    Done waiting for all views to stop loading
[21.316][FINER]:    Waiting for all views to stop loading...
[21.317][FINER]:    Done waiting for all views to stop loading
[21.317][FINE]:     Command finished (/session/18a6d87bdbb14d823ff4cd2b788e6f78/element/:wdc:1353817087612/attribute/multiple) with response {
   "sessionId": "18a6d87bdbb14d823ff4cd2b788e6f78",
   "status": 0,
   "value": null
}

[21.318][FINE]:     Command received (/session/18a6d87bdbb14d823ff4cd2b788e6f78/element/:wdc:1353817087612/element) with params {
   "using": "xpath",
   "value": ".//option[normalize-space()='Group B' or @label='Group B']"
}

[21.318][FINER]:    Waiting for all views to stop loading...
[21.319][FINER]:    Done waiting for all views to stop loading
[21.335][FINER]:    Waiting for all views to stop loading...
[21.336][FINER]:    Done waiting for all views to stop loading
[21.336][FINE]:     Command finished (/session/18a6d87bdbb14d823ff4cd2b788e6f78/element/:wdc:1353817087612/element) with response {
   "sessionId": "18a6d87bdbb14d823ff4cd2b788e6f78",
   "status": 0,
   "value": {
      "ELEMENT": ":wdc:1353817087613"
   }
}

[21.337][FINE]:     Command received (/session/18a6d87bdbb14d823ff4cd2b788e6f78/element/:wdc:1353817087613/selected)
[21.337][FINER]:    Waiting for all views to stop loading...
[21.338][FINER]:    Done waiting for all views to stop loading
[21.384][FINER]:    Waiting for all views to stop loading...
[21.385][FINER]:    Done waiting for all views to stop loading
[21.385][FINE]:     Command finished (/session/18a6d87bdbb14d823ff4cd2b788e6f78/element/:wdc:1353817087613/selected) with response {
   "sessionId": "18a6d87bdbb14d823ff4cd2b788e6f78",
   "status": 0,
   "value": false
}

[21.387][FINE]:     Command received (/session/18a6d87bdbb14d823ff4cd2b788e6f78/element/:wdc:1353817087613/click) with params {

}

[21.387][FINER]:    Waiting for all views to stop loading...
[21.387][FINER]:    Done waiting for all views to stop loading
[21.453][FINER]:    Waiting for all views to stop loading...
[21.454][FINER]:    Done waiting for all views to stop loading
[21.454][FINE]:     Command finished (/session/18a6d87bdbb14d823ff4cd2b788e6f78/element/:wdc:1353817087613/click) with response {
   "sessionId": "18a6d87bdbb14d823ff4cd2b788e6f78",
   "status": 0,
   "value": {

   }
}

[21.456][FINE]:     Command received (/session/18a6d87bdbb14d823ff4cd2b788e6f78/element/:wdc:1353817087613/text)
[21.456][FINER]:    Waiting for all views to stop loading...
[21.456][FINER]:    Done waiting for all views to stop loading
[21.504][FINER]:    Waiting for all views to stop loading...
[24.119][FINER]:    Done waiting for all views to stop loading
[24.119][FINE]:     Command finished (/session/18a6d87bdbb14d823ff4cd2b788e6f78/element/:wdc:1353817087613/text) with response {
   "sessionId": "18a6d87bdbb14d823ff4cd2b788e6f78",
   "status": 0,
   "value": "Group B"
}

[24.121][FINE]:     Command received (/session/18a6d87bdbb14d823ff4cd2b788e6f78/source)
[24.121][FINER]:    Waiting for all views to stop loading...
[24.122][FINER]:    Done waiting for all views to stop loading
[24.173][FINER]:    Waiting for all views to stop loading...
[24.174][FINER]:    Done waiting for all views to stop loading
[24.174][FINE]:     Command finished (/session/18a6d87bdbb14d823ff4cd2b788e6f78/source) with response {
   "sessionId": "18a6d87bdbb14d823ff4cd2b788e6f78",
   "status": 0,
   "value": "\u003C!DOCTYPE html\u003E\u003C!--[if lt IE 7 ]\u003E\u003Chtml lang=\"en\" class=\"ie6\"\u003E \u003C![endif]--\u003E\u003C!--[if IE 7 ]\u003E\u003Chtml la..."
}

[24.286][FINE]:     Command received (/session/18a6d87bdbb14d823ff4cd2b788e6f78/frame) with params {
   "id": null
}

[24.286][FINER]:    Waiting for all views to stop loading...
[24.287][FINER]:    Done waiting for all views to stop loading
[24.287][FINER]:    Waiting for all views to stop loading...
[24.287][FINER]:    Done waiting for all views to stop loading
[24.287][FINE]:     Command finished (/session/18a6d87bdbb14d823ff4cd2b788e6f78/frame) with response {
   "sessionId": "18a6d87bdbb14d823ff4cd2b788e6f78",
   "status": 0,
   "value": {

   }
}

[24.289][FINE]:     Command received (/session/18a6d87bdbb14d823ff4cd2b788e6f78/element) with params {
   "using": "xpath",
   "value": ".//select[@name='group_id']"
}

[24.289][FINER]:    Waiting for all views to stop loading...
[24.289][FINER]:    Done waiting for all views to stop loading
[24.298][FINER]:    Waiting for all views to stop loading...
[24.298][FINER]:    Done waiting for all views to stop loading
[24.298][FINE]:     Command finished (/session/18a6d87bdbb14d823ff4cd2b788e6f78/element) with response {
   "sessionId": "18a6d87bdbb14d823ff4cd2b788e6f78",
   "status": 0,
   "value": {
      "ELEMENT": ":wdc:1353817090673"
   }
}

[24.300][FINE]:     Command received (/session/18a6d87bdbb14d823ff4cd2b788e6f78/element/:wdc:1353817090673/name)
[24.300][FINER]:    Waiting for all views to stop loading...
[24.300][FINER]:    Done waiting for all views to stop loading
[24.307][FINER]:    Waiting for all views to stop loading...
[24.308][FINER]:    Done waiting for all views to stop loading
[24.308][FINE]:     Command finished (/session/18a6d87bdbb14d823ff4cd2b788e6f78/element/:wdc:1353817090673/name) with response {
   "sessionId": "18a6d87bdbb14d823ff4cd2b788e6f78",
   "status": 0,
   "value": "select"
}

[24.310][FINE]:     Command received (/session/18a6d87bdbb14d823ff4cd2b788e6f78/frame) with params {
   "id": null
}

[24.310][FINER]:    Waiting for all views to stop loading...
[24.311][FINER]:    Done waiting for all views to stop loading
[24.311][FINER]:    Waiting for all views to stop loading...
[24.311][FINER]:    Done waiting for all views to stop loading
[24.311][FINE]:     Command finished (/session/18a6d87bdbb14d823ff4cd2b788e6f78/frame) with response {
   "sessionId": "18a6d87bdbb14d823ff4cd2b788e6f78",
   "status": 0,
   "value": {

   }
}

[24.312][FINE]:     Command received (/session/18a6d87bdbb14d823ff4cd2b788e6f78/element) with params {
   "using": "xpath",
   "value": ".//select[@name='group_id']"
}

[24.312][FINER]:    Waiting for all views to stop loading...
[24.313][FINER]:    Done waiting for all views to stop loading
[24.318][FINER]:    Waiting for all views to stop loading...
[24.318][FINER]:    Done waiting for all views to stop loading
[24.318][FINE]:     Command finished (/session/18a6d87bdbb14d823ff4cd2b788e6f78/element) with response {
   "sessionId": "18a6d87bdbb14d823ff4cd2b788e6f78",
   "status": 0,
   "value": {
      "ELEMENT": ":wdc:1353817090673"
   }
}

[24.319][FINE]:     Command received (/session/18a6d87bdbb14d823ff4cd2b788e6f78/element/:wdc:1353817090673/name)
[24.319][FINER]:    Waiting for all views to stop loading...
[24.319][FINER]:    Done waiting for all views to stop loading
[24.323][FINER]:    Waiting for all views to stop loading...
[24.323][FINER]:    Done waiting for all views to stop loading
[24.324][FINE]:     Command finished (/session/18a6d87bdbb14d823ff4cd2b788e6f78/element/:wdc:1353817090673/name) with response {
   "sessionId": "18a6d87bdbb14d823ff4cd2b788e6f78",
   "status": 0,
   "value": "select"
}

[24.324][FINE]:     Command received (/session/18a6d87bdbb14d823ff4cd2b788e6f78/element/:wdc:1353817090673/attribute/multiple)
[24.324][FINER]:    Waiting for all views to stop loading...
[24.324][FINER]:    Done waiting for all views to stop loading
[24.361][FINER]:    Waiting for all views to stop loading...
[24.362][FINER]:    Done waiting for all views to stop loading
[24.362][FINE]:     Command finished (/session/18a6d87bdbb14d823ff4cd2b788e6f78/element/:wdc:1353817090673/attribute/multiple) with response {
   "sessionId": "18a6d87bdbb14d823ff4cd2b788e6f78",
   "status": 0,
   "value": null
}

[24.363][FINE]:     Command received (/session/18a6d87bdbb14d823ff4cd2b788e6f78/element/:wdc:1353817090673/element) with params {
   "using": "xpath",
   "value": ".//option[normalize-space()='Group C' or @label='Group C']"
}

[24.363][FINER]:    Waiting for all views to stop loading...
[24.363][FINER]:    Done waiting for all views to stop loading
[24.384][FINER]:    Waiting for all views to stop loading...
[24.385][FINER]:    Done waiting for all views to stop loading
[24.385][FINE]:     Command finished (/session/18a6d87bdbb14d823ff4cd2b788e6f78/element/:wdc:1353817090673/element) with response {
   "sessionId": "18a6d87bdbb14d823ff4cd2b788e6f78",
   "status": 0,
   "value": {
      "ELEMENT": ":wdc:1353817090674"
   }
}

[24.386][FINE]:     Command received (/session/18a6d87bdbb14d823ff4cd2b788e6f78/element/:wdc:1353817090674/selected)
[24.386][FINER]:    Waiting for all views to stop loading...
[24.387][FINER]:    Done waiting for all views to stop loading
[24.454][FINER]:    Waiting for all views to stop loading...
[24.454][FINER]:    Done waiting for all views to stop loading
[24.454][FINE]:     Command finished (/session/18a6d87bdbb14d823ff4cd2b788e6f78/element/:wdc:1353817090674/selected) with response {
   "sessionId": "18a6d87bdbb14d823ff4cd2b788e6f78",
   "status": 0,
   "value": false
}

[24.456][FINE]:     Command received (/session/18a6d87bdbb14d823ff4cd2b788e6f78/element/:wdc:1353817090674/click) with params {

}

[24.456][FINER]:    Waiting for all views to stop loading...
[24.457][FINER]:    Done waiting for all views to stop loading
[24.493][FINER]:    Waiting for all views to stop loading...
[24.493][FINER]:    Done waiting for all views to stop loading
[24.494][FINE]:     Command finished (/session/18a6d87bdbb14d823ff4cd2b788e6f78/element/:wdc:1353817090674/click) with response {
   "sessionId": "18a6d87bdbb14d823ff4cd2b788e6f78",
   "status": 0,
   "value": {

   }
}

[24.495][FINE]:     Command received (/session/18a6d87bdbb14d823ff4cd2b788e6f78/element/:wdc:1353817090674/text)
[24.495][FINER]:    Waiting for all views to stop loading...
[24.496][FINER]:    Done waiting for all views to stop loading
[24.534][FINER]:    Waiting for all views to stop loading...
